Namespace(adam_epsilon=1e-06, adapter_num=8, batch_num=64, data_dir='/cluster/work/sachan/yifan/data/wikidata/sub_clean_sample20', device=-1, entity_epoch=2, lm_mask_token_id=103, lr=1e-05, model_dir='/cluster/work/sachan/yifan/huggingface_models/bert-base-multilingual-cased', neg_num=8, patience=10, tmp_dir='./tmp/checkpoints', triple_epoch=40, warmup_steps=10000.0)
Namespace(adam_epsilon=1e-06, adapter_num=8, batch_num=64, data_dir='/cluster/work/sachan/yifan/data/wikidata/sub_clean_sample20', device=-1, entity_epoch=2, lm_mask_token_id=103, lr=1e-05, model_dir='/cluster/work/sachan/yifan/huggingface_models/bert-base-multilingual-cased', neg_num=8, patience=10, tmp_dir='./tmp/checkpoints', triple_epoch=40, warmup_steps=10000.0)
Namespace(adam_epsilon=1e-06, adapter_num=8, batch_num=64, data_dir='/cluster/work/sachan/yifan/data/wikidata/sub_clean_sample20', device=-1, entity_epoch=2, lm_mask_token_id=103, lr=1e-05, model_dir='/cluster/work/sachan/yifan/huggingface_models/bert-base-multilingual-cased', neg_num=8, patience=10, tmp_dir='./tmp/checkpoints', triple_epoch=40, warmup_steps=10000.0)
Namespace(adam_epsilon=1e-06, adapter_num=8, batch_num=64, data_dir='/cluster/work/sachan/yifan/data/wikidata/sub_clean_sample20', device=-1, entity_epoch=2, lm_mask_token_id=103, lr=1e-05, model_dir='/cluster/work/sachan/yifan/huggingface_models/bert-base-multilingual-cased', neg_num=8, patience=10, tmp_dir='./tmp/checkpoints', triple_epoch=40, warmup_steps=10000.0)
Namespace(adam_epsilon=1e-06, adapter_num=8, batch_num=64, data_dir='/cluster/work/sachan/yifan/data/wikidata/sub_clean_sample20', device=-1, entity_epoch=2, lm_mask_token_id=103, lr=1e-05, model_dir='/cluster/work/sachan/yifan/huggingface_models/bert-base-multilingual-cased', neg_num=8, patience=10, tmp_dir='./tmp/checkpoints', triple_epoch=40, warmup_steps=10000.0)
Namespace(adam_epsilon=1e-06, adapter_num=8, batch_num=64, data_dir='/cluster/work/sachan/yifan/data/wikidata/sub_clean_sample20', device=-1, entity_epoch=2, lm_mask_token_id=103, lr=1e-05, model_dir='/cluster/work/sachan/yifan/huggingface_models/bert-base-multilingual-cased', neg_num=8, patience=10, tmp_dir='./tmp/checkpoints', triple_epoch=40, warmup_steps=10000.0)
Namespace(adam_epsilon=1e-06, adapter_num=8, batch_num=64, data_dir='/cluster/work/sachan/yifan/data/wikidata/sub_clean_sample20', device=-1, entity_epoch=2, lm_mask_token_id=103, lr=1e-05, model_dir='/cluster/work/sachan/yifan/huggingface_models/bert-base-multilingual-cased', neg_num=8, patience=10, tmp_dir='./tmp/checkpoints', triple_epoch=40, warmup_steps=10000.0)
Namespace(adam_epsilon=1e-06, adapter_num=8, batch_num=64, data_dir='/cluster/work/sachan/yifan/data/wikidata/sub_clean_sample20', device=-1, entity_epoch=2, lm_mask_token_id=103, lr=1e-05, model_dir='/cluster/work/sachan/yifan/huggingface_models/bert-base-multilingual-cased', neg_num=8, patience=10, tmp_dir='./tmp/checkpoints', triple_epoch=40, warmup_steps=10000.0)
Some weights of the model checkpoint at /cluster/work/sachan/yifan/huggingface_models/bert-base-multilingual-cased were not used when initializing BertModel: ['cls.seq_relationship.bias', 'cls.predictions.transform.dense.bias', 'cls.predictions.decoder.weight', 'cls.predictions.transform.dense.weight', 'cls.seq_relationship.weight', 'cls.predictions.transform.LayerNorm.weight', 'cls.predictions.transform.LayerNorm.bias', 'cls.predictions.bias']
- This IS expected if you are initializing BertModel from the checkpoint of a model trained on another task or with another architecture (e.g. initializing a BertForSequenceClassification model from a BertForPreTraining model).
- This IS NOT expected if you are initializing BertModel from the checkpoint of a model that you expect to be exactly identical (initializing a BertForSequenceClassification model from a BertForSequenceClassification model).
Some weights of the model checkpoint at /cluster/work/sachan/yifan/huggingface_models/bert-base-multilingual-cased were not used when initializing BertModel: ['cls.predictions.transform.LayerNorm.bias', 'cls.predictions.transform.dense.weight', 'cls.seq_relationship.bias', 'cls.predictions.bias', 'cls.predictions.decoder.weight', 'cls.predictions.transform.LayerNorm.weight', 'cls.predictions.transform.dense.bias', 'cls.seq_relationship.weight']
- This IS expected if you are initializing BertModel from the checkpoint of a model trained on another task or with another architecture (e.g. initializing a BertForSequenceClassification model from a BertForPreTraining model).
- This IS NOT expected if you are initializing BertModel from the checkpoint of a model that you expect to be exactly identical (initializing a BertForSequenceClassification model from a BertForSequenceClassification model).
Some weights of the model checkpoint at /cluster/work/sachan/yifan/huggingface_models/bert-base-multilingual-cased were not used when initializing BertModel: ['cls.seq_relationship.weight', 'cls.predictions.transform.dense.weight', 'cls.predictions.bias', 'cls.predictions.transform.dense.bias', 'cls.predictions.transform.LayerNorm.weight', 'cls.seq_relationship.bias', 'cls.predictions.decoder.weight', 'cls.predictions.transform.LayerNorm.bias']
- This IS expected if you are initializing BertModel from the checkpoint of a model trained on another task or with another architecture (e.g. initializing a BertForSequenceClassification model from a BertForPreTraining model).
- This IS NOT expected if you are initializing BertModel from the checkpoint of a model that you expect to be exactly identical (initializing a BertForSequenceClassification model from a BertForSequenceClassification model).
Some weights of the model checkpoint at /cluster/work/sachan/yifan/huggingface_models/bert-base-multilingual-cased were not used when initializing BertModel: ['cls.predictions.decoder.weight', 'cls.predictions.transform.LayerNorm.bias', 'cls.predictions.transform.dense.bias', 'cls.predictions.bias', 'cls.predictions.transform.dense.weight', 'cls.seq_relationship.weight', 'cls.seq_relationship.bias', 'cls.predictions.transform.LayerNorm.weight']
- This IS expected if you are initializing BertModel from the checkpoint of a model trained on another task or with another architecture (e.g. initializing a BertForSequenceClassification model from a BertForPreTraining model).
- This IS NOT expected if you are initializing BertModel from the checkpoint of a model that you expect to be exactly identical (initializing a BertForSequenceClassification model from a BertForSequenceClassification model).
Some weights of the model checkpoint at /cluster/work/sachan/yifan/huggingface_models/bert-base-multilingual-cased were not used when initializing BertModel: ['cls.seq_relationship.bias', 'cls.seq_relationship.weight', 'cls.predictions.transform.dense.weight', 'cls.predictions.transform.LayerNorm.bias', 'cls.predictions.transform.dense.bias', 'cls.predictions.decoder.weight', 'cls.predictions.transform.LayerNorm.weight', 'cls.predictions.bias']
- This IS expected if you are initializing BertModel from the checkpoint of a model trained on another task or with another architecture (e.g. initializing a BertForSequenceClassification model from a BertForPreTraining model).
- This IS NOT expected if you are initializing BertModel from the checkpoint of a model that you expect to be exactly identical (initializing a BertForSequenceClassification model from a BertForSequenceClassification model).
Some weights of the model checkpoint at /cluster/work/sachan/yifan/huggingface_models/bert-base-multilingual-cased were not used when initializing BertModel: ['cls.predictions.decoder.weight', 'cls.predictions.bias', 'cls.predictions.transform.LayerNorm.weight', 'cls.predictions.transform.dense.bias', 'cls.predictions.transform.LayerNorm.bias', 'cls.seq_relationship.bias', 'cls.predictions.transform.dense.weight', 'cls.seq_relationship.weight']
- This IS expected if you are initializing BertModel from the checkpoint of a model trained on another task or with another architecture (e.g. initializing a BertForSequenceClassification model from a BertForPreTraining model).
- This IS NOT expected if you are initializing BertModel from the checkpoint of a model that you expect to be exactly identical (initializing a BertForSequenceClassification model from a BertForSequenceClassification model).
Some weights of the model checkpoint at /cluster/work/sachan/yifan/huggingface_models/bert-base-multilingual-cased were not used when initializing BertModel: ['cls.predictions.transform.LayerNorm.weight', 'cls.seq_relationship.bias', 'cls.predictions.transform.LayerNorm.bias', 'cls.predictions.decoder.weight', 'cls.predictions.bias', 'cls.predictions.transform.dense.bias', 'cls.predictions.transform.dense.weight', 'cls.seq_relationship.weight']
- This IS expected if you are initializing BertModel from the checkpoint of a model trained on another task or with another architecture (e.g. initializing a BertForSequenceClassification model from a BertForPreTraining model).
- This IS NOT expected if you are initializing BertModel from the checkpoint of a model that you expect to be exactly identical (initializing a BertForSequenceClassification model from a BertForSequenceClassification model).
Some weights of the model checkpoint at /cluster/work/sachan/yifan/huggingface_models/bert-base-multilingual-cased were not used when initializing BertModel: ['cls.seq_relationship.weight', 'cls.predictions.transform.dense.weight', 'cls.predictions.transform.dense.bias', 'cls.predictions.transform.LayerNorm.weight', 'cls.predictions.bias', 'cls.predictions.decoder.weight', 'cls.predictions.transform.LayerNorm.bias', 'cls.seq_relationship.bias']
- This IS expected if you are initializing BertModel from the checkpoint of a model trained on another task or with another architecture (e.g. initializing a BertForSequenceClassification model from a BertForPreTraining model).
- This IS NOT expected if you are initializing BertModel from the checkpoint of a model that you expect to be exactly identical (initializing a BertForSequenceClassification model from a BertForSequenceClassification model).
Some weights of the model checkpoint at /cluster/work/sachan/yifan/huggingface_models/bert-base-multilingual-cased were not used when initializing BertModel: ['cls.seq_relationship.bias', 'cls.predictions.transform.dense.bias', 'cls.predictions.decoder.weight', 'cls.predictions.transform.dense.weight', 'cls.seq_relationship.weight', 'cls.predictions.transform.LayerNorm.weight', 'cls.predictions.transform.LayerNorm.bias', 'cls.predictions.bias']
- This IS expected if you are initializing BertModel from the checkpoint of a model trained on another task or with another architecture (e.g. initializing a BertForSequenceClassification model from a BertForPreTraining model).
- This IS NOT expected if you are initializing BertModel from the checkpoint of a model that you expect to be exactly identical (initializing a BertForSequenceClassification model from a BertForSequenceClassification model).
Some weights of the model checkpoint at /cluster/work/sachan/yifan/huggingface_models/bert-base-multilingual-cased were not used when initializing BertModel: ['cls.seq_relationship.weight', 'cls.predictions.transform.dense.weight', 'cls.predictions.bias', 'cls.predictions.transform.dense.bias', 'cls.predictions.transform.LayerNorm.weight', 'cls.seq_relationship.bias', 'cls.predictions.decoder.weight', 'cls.predictions.transform.LayerNorm.bias']
- This IS expected if you are initializing BertModel from the checkpoint of a model trained on another task or with another architecture (e.g. initializing a BertForSequenceClassification model from a BertForPreTraining model).
- This IS NOT expected if you are initializing BertModel from the checkpoint of a model that you expect to be exactly identical (initializing a BertForSequenceClassification model from a BertForSequenceClassification model).
Some weights of the model checkpoint at /cluster/work/sachan/yifan/huggingface_models/bert-base-multilingual-cased were not used when initializing BertModel: ['cls.predictions.transform.LayerNorm.bias', 'cls.predictions.transform.dense.weight', 'cls.seq_relationship.bias', 'cls.predictions.bias', 'cls.predictions.decoder.weight', 'cls.predictions.transform.LayerNorm.weight', 'cls.predictions.transform.dense.bias', 'cls.seq_relationship.weight']
- This IS expected if you are initializing BertModel from the checkpoint of a model trained on another task or with another architecture (e.g. initializing a BertForSequenceClassification model from a BertForPreTraining model).
- This IS NOT expected if you are initializing BertModel from the checkpoint of a model that you expect to be exactly identical (initializing a BertForSequenceClassification model from a BertForSequenceClassification model).
Some weights of the model checkpoint at /cluster/work/sachan/yifan/huggingface_models/bert-base-multilingual-cased were not used when initializing BertModel: ['cls.predictions.decoder.weight', 'cls.predictions.transform.LayerNorm.bias', 'cls.predictions.transform.dense.bias', 'cls.predictions.bias', 'cls.predictions.transform.dense.weight', 'cls.seq_relationship.weight', 'cls.seq_relationship.bias', 'cls.predictions.transform.LayerNorm.weight']
- This IS expected if you are initializing BertModel from the checkpoint of a model trained on another task or with another architecture (e.g. initializing a BertForSequenceClassification model from a BertForPreTraining model).
- This IS NOT expected if you are initializing BertModel from the checkpoint of a model that you expect to be exactly identical (initializing a BertForSequenceClassification model from a BertForSequenceClassification model).
Some weights of the model checkpoint at /cluster/work/sachan/yifan/huggingface_models/bert-base-multilingual-cased were not used when initializing BertModel: ['cls.seq_relationship.bias', 'cls.seq_relationship.weight', 'cls.predictions.transform.dense.weight', 'cls.predictions.transform.LayerNorm.bias', 'cls.predictions.transform.dense.bias', 'cls.predictions.decoder.weight', 'cls.predictions.transform.LayerNorm.weight', 'cls.predictions.bias']
- This IS expected if you are initializing BertModel from the checkpoint of a model trained on another task or with another architecture (e.g. initializing a BertForSequenceClassification model from a BertForPreTraining model).
- This IS NOT expected if you are initializing BertModel from the checkpoint of a model that you expect to be exactly identical (initializing a BertForSequenceClassification model from a BertForSequenceClassification model).
Some weights of the model checkpoint at /cluster/work/sachan/yifan/huggingface_models/bert-base-multilingual-cased were not used when initializing BertModel: ['cls.predictions.decoder.weight', 'cls.predictions.bias', 'cls.predictions.transform.LayerNorm.weight', 'cls.predictions.transform.dense.bias', 'cls.predictions.transform.LayerNorm.bias', 'cls.seq_relationship.bias', 'cls.predictions.transform.dense.weight', 'cls.seq_relationship.weight']
- This IS expected if you are initializing BertModel from the checkpoint of a model trained on another task or with another architecture (e.g. initializing a BertForSequenceClassification model from a BertForPreTraining model).
- This IS NOT expected if you are initializing BertModel from the checkpoint of a model that you expect to be exactly identical (initializing a BertForSequenceClassification model from a BertForSequenceClassification model).
Some weights of the model checkpoint at /cluster/work/sachan/yifan/huggingface_models/bert-base-multilingual-cased were not used when initializing BertModel: ['cls.predictions.transform.LayerNorm.weight', 'cls.seq_relationship.bias', 'cls.predictions.transform.LayerNorm.bias', 'cls.predictions.decoder.weight', 'cls.predictions.bias', 'cls.predictions.transform.dense.bias', 'cls.predictions.transform.dense.weight', 'cls.seq_relationship.weight']
- This IS expected if you are initializing BertModel from the checkpoint of a model trained on another task or with another architecture (e.g. initializing a BertForSequenceClassification model from a BertForPreTraining model).
- This IS NOT expected if you are initializing BertModel from the checkpoint of a model that you expect to be exactly identical (initializing a BertForSequenceClassification model from a BertForSequenceClassification model).
Some weights of the model checkpoint at /cluster/work/sachan/yifan/huggingface_models/bert-base-multilingual-cased were not used when initializing BertModel: ['cls.seq_relationship.weight', 'cls.predictions.transform.dense.weight', 'cls.predictions.transform.dense.bias', 'cls.predictions.transform.LayerNorm.weight', 'cls.predictions.bias', 'cls.predictions.decoder.weight', 'cls.predictions.transform.LayerNorm.bias', 'cls.seq_relationship.bias']
- This IS expected if you are initializing BertModel from the checkpoint of a model trained on another task or with another architecture (e.g. initializing a BertForSequenceClassification model from a BertForPreTraining model).
- This IS NOT expected if you are initializing BertModel from the checkpoint of a model that you expect to be exactly identical (initializing a BertForSequenceClassification model from a BertForSequenceClassification model).
progress (triple):  1000 / 215840  |time:  434.53 s |loss:  4.0522   2.1871
progress (triple):  1000 / 215840  |time:  434.5384 s |loss:  4.0441   2.1952
progress (triple):  1000 / 215840  |time:  434.5437 s |loss:  4.0456   2.1908
progress (triple):  1000 / 215840  |time:  434.5574 s |loss:  4.0403   2.1802
progress (triple):  1000 / 215840  |time:  434.5609 s |loss:  4.0477   2.1932
progress (triple):  1000 / 215840  |time:  434.5655 s |loss:  4.0474   2.1912
progress (triple):  1000 / 215840  |time:  434.5714 s |loss:  4.0367   2.1969
progress (triple):  1000 / 215840  |time:  434.5795 s |loss:  4.0493   2.1921
progress (triple):  2000 / 215840  |time:  436.6157 s |loss:  2.6128   1.3025
progress (triple):  2000 / 215840  |time:  436.6374 s |loss:  2.6003   1.3104
progress (triple):  2000 / 215840  |time:  436.6346 s |loss:  2.6122   1.3138
progress (triple):  2000 / 215840  |time:  436.6292 s |loss:  2.6084   1.3064
progress (triple):  2000 / 215840  |time:  436.6576 s |loss:  2.6091   1.3115
progress (triple):  2000 / 215840  |time:  436.651 s |loss:  2.6108   1.3215
progress (triple):  2000 / 215840  |time:  436.682 s |loss:  2.6102   1.3132
progress (triple):  2000 / 215840  |time:  436.6977 s |loss:  2.613   1.3007
progress (triple):  3000 / 215840  |time:  433.5257 s |loss:  2.2588   1.0783
progress (triple):  3000 / 215840  |time:  433.5117 s |loss:  2.2708   1.085
progress (triple):  3000 / 215840  |time:  433.531 s |loss:  2.26   1.0825
progress (triple):  3000 / 215840  |time:  433.5417 s |loss:  2.2529   1.0915
progress (triple):  3000 / 215840  |time:  433.5469 s |loss:  2.2543   1.0811
progress (triple):  3000 / 215840  |time:  433.5544 s |loss:  2.2672   1.0732
progress (triple):  3000 / 215840  |time:  433.5277 s |loss:  2.2634   1.0846
progress (triple):  3000 / 215840  |time:  433.5589 s |loss:  2.2449   1.0799
progress (triple):  4000 / 215840  |time:  433.8642 s |loss:  2.0579   0.9672
progress (triple):  4000 / 215840  |time:  433.8848 s |loss:  2.0597   0.9758
progress (triple):  4000 / 215840  |time:  433.8726 s |loss:  2.071   0.9691
progress (triple):  4000 / 215840  |time:  433.8984 s |loss:  2.0641   0.9701
progress (triple):  4000 / 215840  |time:  433.921 s |loss:  2.0586   0.9749
progress (triple):  4000 / 215840  |time:  433.8903 s |loss:  2.0583   0.9753
progress (triple):  4000 / 215840  |time:  433.9057 s |loss:  2.0503   0.9765
progress (triple):  4000 / 215840  |time:  433.9186 s |loss:  2.0622   0.9725
progress (triple):  5000 / 215840  |time:  433.9968 s |loss:  1.9714   0.8985
progress (triple):  5000 / 215840  |time:  434.0045 s |loss:  1.9702   0.9046
progress (triple):  5000 / 215840  |time:  433.9989 s |loss:  1.9758   0.8907
progress (triple):  5000 / 215840  |time:  433.9715 s |loss:  1.9698   0.9042
progress (triple):  5000 / 215840  |time:  433.9842 s |loss:  1.9634   0.8991
progress (triple):  5000 / 215840  |time:  433.9863 s |loss:  1.97   0.8939
progress (triple):  5000 / 215840  |time:  434.0193 s |loss:  1.963   0.895
progress (triple):  5000 / 215840  |time:  434.0125 s |loss:  1.9722   0.8996
progress (triple):  6000 / 215840  |time:  434.7774 s |loss:  1.9319   0.8387
progress (triple):  6000 / 215840  |time:  434.8139 s |loss:  1.9362   0.8322
progress (triple):  6000 / 215840  |time:  434.8074 s |loss:  1.9224   0.8278
progress (triple):  6000 / 215840  |time:  434.8014 s |loss:  1.9263   0.834
progress (triple):  6000 / 215840  |time:  434.8333 s |loss:  1.9226   0.8268
progress (triple):  6000 / 215840  |time:  434.8298 s |loss:  1.9252   0.8281
progress (triple):  6000 / 215840  |time:  434.8589 s |loss:  1.9262   0.8311
progress (triple):  6000 / 215840  |time:  434.8891 s |loss:  1.9369   0.8238
progress (triple):  7000 / 215840  |time:  432.9846 s |loss:  1.8985   0.7818
progress (triple):  7000 / 215840  |time:  433.0592 s |loss:  1.8939   0.788
progress (triple):  7000 / 215840  |time:  433.0556 s |loss:  1.8967   0.7798
progress (triple):  7000 / 215840  |time:  433.0204 s |loss:  1.8828   0.7795
progress (triple):  7000 / 215840  |time:  433.0712 s |loss:  1.8794   0.7888
progress (triple):  7000 / 215840  |time:  433.0503 s |loss:  1.8957   0.7834
progress (triple):  7000 / 215840  |time:  433.0898 s |loss:  1.9002   0.7832
progress (triple):  7000 / 215840  |time:  433.1385 s |loss:  1.9016   0.7892
progress (triple):  8000 / 215840  |time:  436.7081 s |loss:  1.8721   0.7472
progress (triple):  8000 / 215840  |time:  436.7135 s |loss:  1.8731   0.7565
progress (triple):  8000 / 215840  |time:  436.6264 s |loss:  1.8777   0.7576
progress (triple):  8000 / 215840  |time:  436.7157 s |loss:  1.8807   0.7571
progress (triple):  8000 / 215840  |time:  436.686 s |loss:  1.88   0.7596
progress (triple):  8000 / 215840  |time:  436.7332 s |loss:  1.8731   0.7611
progress (triple):  8000 / 215840  |time:  436.7313 s |loss:  1.8753   0.7566
progress (triple):  8000 / 215840  |time:  436.7497 s |loss:  1.8757   0.7598
progress (triple):  9000 / 215840  |time:  435.2853 s |loss:  1.8469   0.7286
progress (triple):  9000 / 215840  |time:  435.274 s |loss:  1.8587   0.7296
progress (triple):  9000 / 215840  |time:  435.3232 s |loss:  1.856   0.7361
progress (triple):  9000 / 215840  |time:  435.3122 s |loss:  1.8673   0.7352
progress (triple):  9000 / 215840  |time:  435.3282 s |loss:  1.8509   0.7361
progress (triple):  9000 / 215840  |time:  435.3456 s |loss:  1.852   0.7331
progress (triple):  9000 / 215840  |time:  435.3069 s |loss:  1.8488   0.7253
progress (triple):  9000 / 215840  |time:  435.3633 s |loss:  1.8543   0.7378
progress (triple):  10000 / 215840  |time:  434.7709 s |loss:  1.8446   0.7157
progress (triple):  10000 / 215840  |time:  434.7435 s |loss:  1.8489   0.7123
progress (triple):  10000 / 215840  |time:  434.7377 s |loss:  1.8415   0.7069
progress (triple):  10000 / 215840  |time:  434.7396 s |loss:  1.846   0.7112
progress (triple):  10000 / 215840  |time:  434.7899 s |loss:  1.8486   0.7128
progress (triple):  10000 / 215840  |time:  434.772 s |loss:  1.8442   0.7179
progress (triple):  10000 / 215840  |time:  434.7711 s |loss:  1.8492   0.7151
progress (triple):  10000 / 215840  |time:  434.7329 s |loss:  1.8414   0.7104
progress (triple):  11000 / 215840  |time:  435.0187 s |loss:  1.833   0.6915
progress (triple):  11000 / 215840  |time:  435.028 s |loss:  1.8383   0.6981
progress (triple):  11000 / 215840  |time:  435.0069 s |loss:  1.8253   0.6888
progress (triple):  11000 / 215840  |time:  435.0319 s |loss:  1.8401   0.6724
progress (triple):  11000 / 215840  |time:  435.0283 s |loss:  1.8252   0.6925
progress (triple):  11000 / 215840  |time:  435.0417 s |loss:  1.8343   0.6922
progress (triple):  11000 / 215840  |time:  435.0586 s |loss:  1.8372   0.6814
progress (triple):  11000 / 215840  |time:  435.0629 s |loss:  1.8287   0.6883
progress (triple):  12000 / 215840  |time:  432.1833 s |loss:  1.8289   0.6809
progress (triple):  12000 / 215840  |time:  432.1416 s |loss:  1.8096   0.6711
progress (triple):  12000 / 215840  |time:  432.1924 s |loss:  1.8206   0.6735
progress (triple):  12000 / 215840  |time:  432.2079 s |loss:  1.8222   0.6772
progress (triple):  12000 / 215840  |time:  432.1614 s |loss:  1.8259   0.6732
progress (triple):  12000 / 215840  |time:  432.1867 s |loss:  1.8185   0.6766
progress (triple):  12000 / 215840  |time:  432.2142 s |loss:  1.8079   0.6715
progress (triple):  12000 / 215840  |time:  432.2478 s |loss:  1.8184   0.6834
progress (triple):  13000 / 215840  |time:  434.4873 s |loss:  1.8146   0.6589
progress (triple):  13000 / 215840  |time:  434.494 s |loss:  1.8153   0.6617
progress (triple):  13000 / 215840  |time:  434.4663 s |loss:  1.8103   0.6575
progress (triple):  13000 / 215840  |time:  434.507 s |loss:  1.8189   0.6554
progress (triple):  13000 / 215840  |time:  434.469 s |loss:  1.8199   0.6566
progress (triple):  13000 / 215840  |time:  434.515 s |loss:  1.8074   0.6603
progress (triple):  13000 / 215840  |time:  434.5148 s |loss:  1.8136   0.6659
progress (triple):  13000 / 215840  |time:  434.5249 s |loss:  1.8152   0.6546
progress (triple):  14000 / 215840  |time:  433.4572 s |loss:  1.8109   0.6541
progress (triple):  14000 / 215840  |time:  433.4285 s |loss:  1.8004   0.6526
progress (triple):  14000 / 215840  |time:  433.4297 s |loss:  1.8067   0.646
progress (triple):  14000 / 215840  |time:  433.4273 s |loss:  1.8098   0.6485
progress (triple):  14000 / 215840  |time:  433.4649 s |loss:  1.8147   0.6469
progress (triple):  14000 / 215840  |time:  433.4375 s |loss:  1.8046   0.6509
progress (triple):  14000 / 215840  |time:  433.4661 s |loss:  1.7934   0.6575
progress (triple):  14000 / 215840  |time:  433.5147 s |loss:  1.8061   0.6459
progress (triple):  15000 / 215840  |time:  435.4871 s |loss:  1.8086   0.638
progress (triple):  15000 / 215840  |time:  435.4879 s |loss:  1.7972   0.6428
progress (triple):  15000 / 215840  |time:  435.4594 s |loss:  1.8064   0.6431
progress (triple):  15000 / 215840  |time:  435.5266 s |loss:  1.8033   0.6338
progress (triple):  15000 / 215840  |time:  435.5481 s |loss:  1.802   0.6417
progress (triple):  15000 / 215840  |time:  435.5515 s |loss:  1.8038   0.6451
progress (triple):  15000 / 215840  |time:  435.5433 s |loss:  1.8191   0.6383
progress (triple):  15000 / 215840  |time:  435.5685 s |loss:  1.8087   0.6336
progress (triple):  16000 / 215840  |time:  433.5929 s |loss:  1.8055   0.6338
progress (triple):  16000 / 215840  |time:  433.6012 s |loss:  1.7982   0.633
progress (triple):  16000 / 215840  |time:  433.5937 s |loss:  1.7974   0.6331
progress (triple):  16000 / 215840  |time:  433.6128 s |loss:  1.7828   0.6306
progress (triple):  16000 / 215840  |time:  433.5939 s |loss:  1.7957   0.6267
progress (triple):  16000 / 215840  |time:  433.649 s |loss:  1.7942   0.6374
progress (triple):  16000 / 215840  |time:  433.6312 s |loss:  1.8055   0.627
progress (triple):  16000 / 215840  |time:  433.6689 s |loss:  1.7915   0.6336
progress (triple):  17000 / 215840  |time:  432.0257 s |loss:  1.7832   0.6129
progress (triple):  17000 / 215840  |time:  432.0199 s |loss:  1.791   0.6138
progress (triple):  17000 / 215840  |time:  432.0413 s |loss:  1.7846   0.6132
progress (triple):  17000 / 215840  |time:  432.095 s |loss:  1.7867   0.6197
progress (triple):  17000 / 215840  |time:  432.0659 s |loss:  1.7896   0.6166
progress (triple):  17000 / 215840  |time:  432.0896 s |loss:  1.7938   0.6225
progress (triple):  17000 / 215840  |time:  432.1099 s |loss:  1.7813   0.6088
progress (triple):  17000 / 215840  |time:  432.1095 s |loss:  1.7853   0.6116
progress (triple):  18000 / 215840  |time:  436.3007 s |loss:  1.7884   0.6073
progress (triple):  18000 / 215840  |time:  436.3663 s |loss:  1.7916   0.6113
progress (triple):  18000 / 215840  |time:  436.3658 s |loss:  1.7908   0.6101
progress (triple):  18000 / 215840  |time:  436.3253 s |loss:  1.7879   0.6132
progress (triple):  18000 / 215840  |time:  436.3442 s |loss:  1.7918   0.6119
progress (triple):  18000 / 215840  |time:  436.3954 s |loss:  1.7853   0.6096
progress (triple):  18000 / 215840  |time:  436.4436 s |loss:  1.7892   0.6055
progress (triple):  18000 / 215840  |time:  436.4244 s |loss:  1.7891   0.6176
progress (triple):  19000 / 215840  |time:  437.4661 s |loss:  1.7877   0.6028
progress (triple):  19000 / 215840  |time:  437.4098 s |loss:  1.7794   0.6044
progress (triple):  19000 / 215840  |time:  437.4379 s |loss:  1.7857   0.601
progress (triple):  19000 / 215840  |time:  437.387 s |loss:  1.7794   0.5974
progress (triple):  19000 / 215840  |time:  437.4056 s |loss:  1.7759   0.6031
progress (triple):  19000 / 215840  |time:  437.4953 s |loss:  1.7844   0.5995
progress (triple):  19000 / 215840  |time:  437.4857 s |loss:  1.7736   0.606
progress (triple):  19000 / 215840  |time:  437.5103 s |loss:  1.7858   0.5999
progress (triple):  20000 / 215840  |time:  432.2414 s |loss:  1.7824   0.5969
progress (triple):  20000 / 215840  |time:  432.2419 s |loss:  1.777   0.5968
progress (triple):  20000 / 215840  |time:  432.2634 s |loss:  1.7747   0.6038
progress (triple):  20000 / 215840  |time:  432.2453 s |loss:  1.7783   0.5922
progress (triple):  20000 / 215840  |time:  432.2667 s |loss:  1.7807   0.5998
progress (triple):  20000 / 215840  |time:  432.2442 s |loss:  1.7785   0.5981
progress (triple):  20000 / 215840  |time:  432.2774 s |loss:  1.7818   0.5932
progress (triple):  20000 / 215840  |time:  432.2928 s |loss:  1.7827   0.5978
progress (triple):  21000 / 215840  |time:  434.3575 s |loss:  1.7727   0.5932
progress (triple):  21000 / 215840  |time:  434.3528 s |loss:  1.7707   0.5876
progress (triple):  21000 / 215840  |time:  434.3604 s |loss:  1.7748   0.5872
progress (triple):  21000 / 215840  |time:  434.3615 s |loss:  1.779   0.5977
progress (triple):  21000 / 215840  |time:  434.3819 s |loss:  1.7691   0.5899
progress (triple):  21000 / 215840  |time:  434.3843 s |loss:  1.7652   0.5901
progress (triple):  21000 / 215840  |time:  434.3828 s |loss:  1.7708   0.5939
progress (triple):  21000 / 215840  |time:  434.3756 s |loss:  1.7784   0.5897
progress (triple):  22000 / 215840  |time:  435.2576 s |loss:  1.7729   0.5829
progress (triple):  22000 / 215840  |time:  435.2258 s |loss:  1.78   0.5828
progress (triple):  22000 / 215840  |time:  435.3176 s |loss:  1.7791   0.5855
progress (triple):  22000 / 215840  |time:  435.276 s |loss:  1.764   0.5758
progress (triple):  22000 / 215840  |time: progress (triple):   22000 435.2965/  s |loss: 215840  1.7593 |time:     0.5706435.2724 s |loss: 
 1.7658   0.581
progress (triple):  22000 / 215840  |time:  435.3207 s |loss:  1.7653   0.5827
progress (triple):  22000 / 215840  |time:  435.3123 s |loss:  1.761   0.578
progress (triple):  23000 / 215840  |time:  432.7876 s |loss:  1.7613   0.5725
progress (triple):  23000 / 215840  |time:  432.7964 s |loss:  1.7648   0.5753
progress (triple):  23000 / 215840  |time:  432.7956 s |loss:  1.7668   0.5673
progress (triple):  23000 / 215840  |time:  432.796 s |loss:  1.7698   0.5706
progress (triple):  23000 / 215840  |time:  432.8026 s |loss:  1.7726   0.564
progress (triple):  23000 / 215840  |time:  432.8237 s |loss:  1.7714   0.5679
progress (triple):  23000 / 215840  |time:  432.8183 s |loss:  1.7582   0.5701
progress (triple):  23000 / 215840  |time:  432.8538 s |loss:  1.7528   0.5705
progress (triple):  24000 / 215840  |time:  436.1687 s |loss:  1.7587   0.5769
progress (triple):  24000 / 215840  |time:  436.1836 s |loss:  1.7599   0.5767
progress (triple):  24000 / 215840  |time:  436.1652 s |loss:  1.7552   0.5735
progress (triple):  24000 / 215840  |time:  436.2044 s |loss:  1.7714   0.5661
progress (triple):  24000 / 215840  |time:  436.2035 s |loss:  1.7621   0.5696
progress (triple):  24000 / 215840  |time:  436.1972 s |loss:  1.7623   0.5724
progress (triple):  24000 / 215840  |time:  436.1937 s |loss:  1.7629   0.5693
progress (triple):  24000 / 215840  |time:  436.2 s |loss:  1.7684   0.573
progress (triple):  25000 / 215840  |time:  432.5578 s |loss:  1.7645   0.5714
progress (triple):  25000 / 215840  |time:  432.5574 s |loss:  1.7556   0.5642
progress (triple):  25000 / 215840  |time:  432.513 s |loss:  1.7621   0.5717
progress (triple):  25000 / 215840  |time:  432.5596 s |loss:  1.7647   0.5625
progress (triple):  25000 / 215840  |time:  432.5563 s |loss:  1.7629   0.5692
progress (triple):  25000 / 215840  |time:  432.555 s |loss:  1.7625   0.5702
progress (triple):  25000 / 215840  |time:  432.5965 s |loss:  1.7632   0.5755
progress (triple):  25000 / 215840  |time:  432.5725 s |loss:  1.7584   0.57
progress (triple): progress (triple):   2600026000  //  215840215840   |time:  |time:   434.1135 s |loss: 434.151  1.7537s |loss:    1.7613  0.5591 
 0.5603
progress (triple):  26000 / 215840  |time:  434.1237 s |loss:  1.7557   0.5609
progress (triple):  26000 / 215840  |time:  434.1509 s |loss:  1.7593   0.5557
progress (triple):  26000 / 215840  |time:  434.1543 s |loss:  1.7587   0.5715
progress (triple):  26000 / 215840  |time:  434.1508 s |loss:  1.7549   0.5589
progress (triple):  26000 / 215840  |time:  434.151 s |loss:  1.7565   0.5488
progress (triple):  26000 / 215840  |time:  434.1603 s |loss:  1.7503   0.5657
progress (triple):  27000 / 215840  |time:  436.5866 s |loss:  1.759   0.5548
progress (triple):  27000 / 215840  |time:  436.6086 s |loss:  1.7437   0.5469
progress (triple):  27000 / 215840  |time:  436.6128 progress (triple): s |loss:   27000 1.7496/   215840  0.5548 |time:  436.6129
 s |loss:  1.7612   0.5451
progress (triple):  27000 / 215840  |time:  436.6094 s |loss:  1.7634   0.5534
progress (triple):  27000 / 215840  |time:  436.625 s |loss:  1.7498   0.546
progress (triple):  27000 / 215840  |time:  436.6336 s |loss:  1.7574   0.5562
progress (triple):  27000 / 215840  |time:  436.6408 s |loss:  1.7505   0.5561
progress (triple):  28000 / 215840  |time:  431.4476 s |loss:  1.7569   0.5522
progress (triple):  28000 / 215840  |time:  431.4238 s |loss:  1.7541   0.5474
progress (triple):  28000 / 215840  |time:  431.4531 s |loss:  1.7398   0.5394
progress (triple):  28000 / 215840  |time:  431.4451 s |loss:  1.7528   0.5511
progress (triple):  28000 / 215840  |time:  431.4642 s |loss:  1.7518   0.5468
progress (triple):  28000 / 215840  |time:  431.4515 s |loss:  1.7524   0.5401
progress (triple):  28000 / 215840  |time:  431.496 s |loss:  1.7488   0.5489
progress (triple):  28000 / 215840  |time:  431.4665 s |loss:  1.7518   0.5403
progress (triple):  29000 / 215840  |time:  436.7148 s |loss:  1.7472   0.5358
progress (triple):  29000 / 215840  |time:  436.6543 s |loss:  1.7507   0.5395
progress (triple):  29000 / 215840  |time:  436.704 s |loss:  1.7546   0.536
progress (triple):  29000 / 215840  |time:  436.697 s |loss:  1.7379   0.5406
progress (triple):  29000 / 215840  |time:  436.688 s |loss:  1.754   0.5393
progress (triple):  29000 / 215840  |time:  436.7555 s |loss:  1.7493   0.5427
progress (triple):  29000 / 215840  |time:  436.7499 s |loss:  1.7531   0.5413
progress (triple):  29000 / 215840  |time:  436.7525 s |loss:  1.7592   0.544
progress (triple):  30000 / 215840  |time:  433.5793 s |loss:  1.7458   0.5458
progress (triple):  30000 / 215840  |time:  433.6102 s |loss:  1.748   0.5348
progress (triple):  30000 / 215840  |time:  433.6414 s |loss:  1.7568   0.5418
progress (triple):  30000 / 215840  |time:  433.601 s |loss:  1.7414   0.5332
progress (triple):  30000 / 215840  |time:  433.6455 s |loss:  1.7596   0.5364
progress (triple):  30000 / 215840  |time:  433.6567 s |loss:  1.7497   0.5426
progress (triple):  30000 / 215840  |time:  433.6382 s |loss:  1.7523   0.5355
progress (triple):  30000 / 215840  |time:  433.6365 s |loss:  1.7412   0.5358
progress (triple):  31000 / 215840  |time:  435.6545 s |loss:  1.7544   0.5315
progress (triple):  31000 / 215840  |time:  435.6188 s |loss:  1.7571   0.5428
progress (triple):  31000 / 215840  |time:  435.6645 s |loss:  1.741   0.5436
progress (triple):  31000 / 215840  |time:  435.6283 s |loss:  1.7338   0.5342
progress (triple):  31000 / 215840  |time:  435.6452 s |loss:  1.7508   0.5316
progress (triple):  31000 / 215840  |time:  435.6519 s |loss:  1.7516   0.541
progress (triple):  31000 / 215840  |time:  435.658 s |loss:  1.7503   0.5381
progress (triple):  31000 / 215840  |time:  435.6513 s |loss:  1.7555   0.5398
progress (triple):  32000 / 215840  |time:  431.7045 s |loss:  1.739   0.5244
progress (triple):  32000 / 215840  |time:  431.7095 s |loss:  1.7431   0.536
progress (triple):  32000 / 215840  |time:  431.7042 s |loss:  1.7476   0.5397
progress (triple):  32000 / 215840  |time:  431.6608 s |loss:  1.7538   0.5424
progress (triple):  32000 / 215840  |time:  431.7023 s |loss:  1.7408   0.5315
progress (triple):  32000 / 215840  |time:  431.7174 s |loss:  1.7493   0.5429
progress (triple):  32000 / 215840  |time:  431.7286 s |loss:  1.7504   0.5308
progress (triple):  32000 / 215840  |time:  431.7591 s |loss:  1.7391   0.5321
progress (triple):  33000 / 215840  |time:  436.1894 s |loss:  1.7392   0.5255
progress (triple):  33000 / 215840  |time:  436.1383 s |loss:  1.7336   0.5237
progress (triple):  33000 / 215840  |time:  436.1793 s |loss:  1.754   0.5271
progress (triple):  33000 / 215840  |time:  436.1402 s |loss:  1.7391   0.5211
progress (triple):  33000 / 215840  |time:  436.1978 s |loss:  1.7489   0.5254
progress (triple):  33000 / 215840  |time:  436.2039 s |loss:  1.745   0.5257
progress (triple):  33000 / 215840  |time:  436.2064 s |loss:  1.736   0.5183
progress (triple):  33000 / 215840  |time:  436.2037 s |loss:  1.7222   0.5278
progress (triple):  34000 / 215840  |time:  434.3306 s |loss:  1.7364   0.5154
progress (triple):  34000 / 215840  |time:  434.3152 s |loss:  1.7557   0.5109
progress (triple):  34000 / 215840  |time:  434.3317 s |loss:  1.7445   0.5236
progress (triple):  34000 / 215840  |time:  434.3386 s |loss:  1.7294   0.5199
progress (triple):  34000 / 215840  |time:  434.3674 s |loss:  1.7409   0.5182
progress (triple):  34000 / 215840  |time:  434.3628 s |loss:  1.7304   0.5103
progress (triple):  34000 / 215840  |time:  434.3548 s |loss:  1.7384   0.5238
progress (triple):  34000 / 215840  |time:  434.3523 s |loss:  1.731   0.5214
progress (triple):  35000 / 215840  |time:  436.5987 s |loss:  1.7418   0.5228
progress (triple):  35000 / 215840  |time:  436.5771 s |loss:  1.7271   0.5138
progress (triple):  35000 / 215840  |time:  436.5963 s |loss:  1.7478   0.5246
progress (triple):  35000 / 215840  |time:  436.617 s |loss:  1.7422   0.5142
progress (triple):  35000 / 215840  |time:  436.6365 s |loss:  1.7354   0.5241
progress (triple):  35000 / 215840  |time:  436.6229 s |loss:  1.7495   0.5209
progress (triple):  35000 / 215840  |time:  436.6014 s |loss:  1.7319   0.5108
progress (triple):  35000 / 215840  |time:  436.5965 s |loss:  1.7283   0.522
progress (triple):  36000 / 215840  |time:  435.2593 s |loss:  1.7448   0.5141
progress (triple):  36000 / 215840  |time:  435.2704 s |loss:  1.7319   0.5198
progress (triple):  36000 / 215840  |time:  435.242 s |loss:  1.733   0.5219
progress (triple):  36000 / 215840  |time:  435.2447 s |loss:  1.727   0.5185
progress (triple):  36000 / 215840  |time:  435.2449 s |loss:  1.7321   0.5232
progress (triple):  36000 / 215840  |time:  435.234 s |loss:  1.7311   0.5155
progress (triple):  36000 / 215840  |time:  435.2559 s |loss:  1.7322   0.5217
progress (triple):  36000 / 215840  |time:  435.2646 s |loss:  1.7469   0.52
progress (triple):  37000 / 215840  |time:  437.5571 s |loss:  1.7351   0.5125
progress (triple):  37000 / 215840  |time:  437.5792 s |loss:  1.7323   0.5109
progress (triple):  37000 / 215840  |time:  437.5873 s |loss:  1.7402   0.511
progress (triple):  37000 / 215840  |time:  437.5888 s |loss:  1.7343   0.5114
progress (triple):  37000 / 215840  |time:  437.5979 s |loss:  1.7278   0.5126
progress (triple):  37000 / 215840  |time:  437.5744 s |loss:  1.7348   0.5171
progress (triple):  37000 / 215840  |time:  437.5904 s |loss:  1.7318   0.5216
progress (triple):  37000 / 215840  |time:  437.6146 s |loss:  1.7341   0.5124
progress (triple):  38000 / 215840  |time:  435.8602 s |loss:  1.7392   0.5122
progress (triple):  38000 / 215840  |time:  435.8498 s |loss:  1.7319   0.517
progress (triple):  38000 / 215840  |time:  435.8865 s |loss:  1.7214   0.5085
progress (triple):  38000 / 215840  |time:  435.8475 s |loss:  1.7276   0.5004
progress (triple):  38000 / 215840  |time:  435.873 s |loss:  1.7357   0.5123
progress (triple):  38000 / 215840  |time:  435.8502 s |loss:  1.7286   0.5062
progress (triple):  38000 / 215840  |time:  435.8816 s |loss:  1.7194   0.5056
progress (triple):  38000 / 215840  |time:  435.9268 s |loss:  1.722   0.5064
progress (triple):  39000 / 215840  |time:  431.6632 s |loss:  1.735   0.511
progress (triple):  39000 / 215840  |time:  431.6469 s |loss:  1.7353   0.5077
progress (triple):  39000 / 215840  |time:  431.6664 s |loss:  1.7273   0.5011
progress (triple):  39000 / 215840  |time:  431.6555 s |loss:  1.7228   0.5015
progress (triple):  39000 / 215840  |time:  431.6821 s |loss:  1.7302   0.5025
progress (triple):  39000 / 215840  |time:  431.6923 s |loss:  1.7346   0.5005
progress (triple):  39000 / 215840  |time:  431.6646 s |loss:  1.72   0.5024
progress (triple):  39000 / 215840  |time:  431.7302 s |loss:  1.7348   0.5073
progress (triple):  40000 / 215840  |time:  434.1872 s |loss:  1.7381   0.4999
progress (triple):  40000 / 215840  |time:  434.1962 s |loss:  1.725   0.5003
progress (triple):  40000 / 215840  |time:  434.246 s |loss:  1.7359   0.5035
progress (triple):  40000 / 215840  |time:  434.2423 s |loss:  1.7307   0.5031
progress (triple):  40000 / 215840  |time:  434.2583 s |loss:  1.7234   0.5017
progress (triple):  40000 / 215840  |time:  434.263 s |loss:  1.7311   0.5021
progress (triple):  40000 / 215840  |time:  434.2965 s |loss:  1.7302   0.5055
progress (triple):  40000 / 215840  |time:  434.2978 s |loss:  1.7282   0.5034
progress (triple):  41000 / 215840  |time:  434.0241 s |loss:  1.7246   0.5055
progress (triple):  41000 / 215840  |time:  434.0631 s |loss:  1.7209   0.4947
progress (triple):  41000 / 215840  |time:  434.0495 s |loss:  1.7252   0.498
progress (triple):  41000 / 215840  |time:  434.082 s |loss:  1.7209   0.5039
progress (triple):  41000 / 215840  |time:  434.0878 s |loss:  1.7262   0.5039
progress (triple):  41000 / 215840  |time:  434.0343 s |loss:  1.7191   0.499
progress (triple):  41000 / 215840  |time:  434.0845 s |loss:  1.7139   0.5026
progress (triple):  41000 / 215840  |time:  434.1382 s |loss:  1.7271   0.509
progress (triple):  42000 / 215840  |time:  434.6072 s |loss:  1.7234   0.4978
progress (triple):  42000 / 215840  |time:  434.5909 s |loss:  1.7252   0.4956
progress (triple):  42000 / 215840  |time:  434.6109 s |loss:  1.725   0.4981
progress (triple):  42000 / 215840  |time:  434.6228 s |loss:  1.7173   0.5039
progress (triple):  42000 / 215840  |time:  434.6421 s |loss:  1.718   0.4985
progress (triple):  42000 / 215840  |time:  434.6648 s |loss:  1.7272   0.5004
progress (triple):  42000 / 215840  |time:  434.6163 s |loss:  1.7217   0.496
progress (triple):  42000 / 215840  |time:  434.6672 s |loss:  1.713   0.5008
progress (triple):  43000 / 215840  |time:  433.1018 s |loss:  1.7184   0.4994
progress (triple):  43000 / 215840  |time:  433.1336 s |loss:  1.7294   0.4987
progress (triple):  43000 / 215840  |time:  433.1138 s |loss:  1.7175   0.496
progress (triple):  43000 / 215840  |time:  433.133 s |loss:  1.7287   0.4942
progress (triple):  43000 / 215840  |time:  433.1357 s |loss:  1.7247   0.4993
progress (triple):  43000 / 215840  |time:  433.0789 s |loss:  1.7111   0.4965
progress (triple):  43000 / 215840  |time:  433.0815 s |loss:  1.7171   0.4892
progress (triple):  43000 / 215840  |time:  433.1204 s |loss:  1.7287   0.4975
progress (triple):  44000 / 215840  |time:  431.8595 s |loss:  1.7297   0.4852
progress (triple):  44000 / 215840  |time:  431.854 s |loss:  1.7209   0.4897
progress (triple):  44000 / 215840  |time:  431.895 s |loss:  1.7198   0.4849
progress (triple):  44000 / 215840  |time:  431.872 s |loss:  1.7149   0.4849
progress (triple):  44000 / 215840  |time:  431.8348 s |loss:  1.7194   0.485
progress (triple):  44000 / 215840  |time:  431.8901 s |loss:  1.7186   0.4888
progress (triple):  44000 / 215840  |time:  431.9013 s |loss:  1.7156   0.4896
progress (triple):  44000 / 215840  |time:  431.9118 s |loss:  1.7284   0.4862
progress (triple):  45000 / 215840  |time:  433.9365 s |loss:  1.7139   0.4806
progress (triple):  45000 / 215840  |time:  433.936 s |loss:  1.7168   0.4924
progress (triple):  45000 / 215840  |time:  433.9456 s |loss:  1.7109   0.4857
progress (triple):  45000 / 215840  |time:  433.9539 s |loss:  1.7205   0.4853
progress (triple):  45000 / 215840  |time:  433.9326 s |loss:  1.7279   0.4913
progress (triple):  45000 / 215840  |time:  433.9904 s |loss:  1.7208   0.4873
progress (triple):  45000 / 215840  |time:  434.0158 s |loss:  1.7212   0.4889
progress (triple):  45000 / 215840  |time:  434.0293 s |loss:  1.724   0.4858
progress (triple):  46000 / 215840  |time:  437.7075 s |loss:  1.7151   0.4866
progress (triple):  46000 / 215840  |time:  437.7929 s |loss:  1.7188   0.4909
progress (triple):  46000 / 215840  |time:  437.8036 s |loss:  1.7063   0.4874
progress (triple):  46000 / 215840  |time:  437.8391 s |loss:  1.7108   0.4823
progress (triple):  46000 / 215840  |time:  437.7563 s |loss:  1.7143   0.4848
progress (triple):  46000 / 215840  |time:  437.8293 s |loss:  1.7127   0.4836
progress (triple):  46000 / 215840  |time:  437.8468 s |loss:  1.7179   0.4885
progress (triple):  46000 / 215840  |time:  437.8065 s |loss:  1.7221   0.4887
progress (triple):  47000 / 215840  |time:  433.942 s |loss:  1.7208   0.4849
progress (triple):  47000 / 215840  |time:  433.9348 s |loss:  1.7264   0.4803
progress (triple):  47000 / 215840  |time:  433.946 s |loss:  1.717   0.4829
progress (triple):  47000 / 215840  |time:  433.9523 s |loss:  1.7148   0.4814
progress (triple):  47000 / 215840  |time:  433.9804 s |loss:  1.7123   0.4876
progress (triple):  47000 / 215840  |time:  433.9729 s |loss:  1.7151   0.485
progress (triple):  47000 / 215840  |time:  433.9936 s |loss:  1.7248   0.4869
progress (triple):  47000 / 215840  |time:  433.9916 s |loss:  1.7261   0.4782
progress (triple):  48000 / 215840  |time:  436.5061 s |loss:  1.7136   0.4818
progress (triple):  48000 / 215840  |time:  436.4822 s |loss:  1.7229   0.4832
progress (triple):  48000 / 215840  |time:  436.4925 s |loss:  1.7048   0.4758
progress (triple):  48000 / 215840  |time:  436.5311 s |loss:  1.7094   0.4876
progress (triple):  48000 / 215840  |time:  436.5295 s |loss:  1.7092   0.4896
progress (triple):  48000 / 215840  |time:  436.5354 s |loss:  1.7196   0.484
progress (triple):  48000 / 215840  |time:  436.5192 s |loss:  1.7141   0.4837
progress (triple):  48000 / 215840  |time:  436.5502 s |loss:  1.713   0.4862
progress (triple):  49000 / 215840  |time:  432.3657 s |loss:  1.7193   0.4677
progress (triple):  49000 / 215840  |time:  432.3584 s |loss:  1.7146   0.4739
progress (triple):  49000 / 215840  |time:  432.3165 s |loss:  1.7248   0.4762
progress (triple):  49000 / 215840  |time:  432.3886 s |loss:  1.7148   0.4696
progress (triple):  49000 / 215840  |time:  432.3603 s |loss:  1.7066   0.4712
progress (triple):  49000 / 215840  |time:  432.3545 s |loss:  1.7147   0.4709
progress (triple):  49000 / 215840  |time:  432.3698 s |loss:  1.7134   0.476
progress (triple):  49000 / 215840  |time:  432.4282 s |loss:  1.713   0.4802
progress (triple):  50000 / 215840  |time:  432.8739 s |loss:  1.7189   0.4774
progress (triple): progress (triple):   5000050000  //  215840215840   |time:  |time:   432.8666432.8333  s |loss: s |loss:   1.72481.7169      0.47350.4721

progress (triple):  50000 / 215840  |time:  432.8754 s |loss:  1.7092   0.4666
progress (triple):  50000 / 215840  |time:  432.8747 s |loss:  1.7076   0.4742
progress (triple):  50000 / 215840  |time:  432.8717 s |loss:  1.6994   0.4773
progress (triple):  50000 / 215840  |time:  432.8961 s |loss:  1.7183   0.4772
progress (triple):  50000 / 215840  |time:  432.9141 s |loss:  1.7106   0.4844
progress (triple):  51000 / 215840  |time:  437.8551 s |loss:  1.7064   0.4733
progress (triple):  51000 / 215840  |time:  437.8893 s |loss:  1.7211   0.4775
progress (triple):  51000 / 215840  |time:  437.8621 s |loss:  1.7087   0.4762
progress (triple):  51000 / 215840  |time:  437.9214 s |loss:  1.7067   0.4734
progress (triple):  51000 / 215840  |time:  437.916 s |loss:  1.6968   0.4769
progress (triple):  51000 / 215840  |time:  437.918 s |loss:  1.7092   0.4729
progress (triple):  51000 / 215840  |time:  437.9256 s |loss:  1.7135   0.4708
progress (triple):  51000 / 215840  |time:  437.9204 s |loss:  1.7038   0.4731
progress (triple):  52000 / 215840  |time:  433.531 s |loss:  1.7079   0.4757
progress (triple):  52000 / 215840  |time:  433.535 s |loss:  1.7081   0.4729
progress (triple):  52000 / 215840  |time:  433.5233 s |loss:  1.7124   0.4804
progress (triple):  52000 / 215840  |time:  433.5622 s |loss:  1.7068   0.4751
progress (triple):  52000 / 215840  |time:  433.5444 s |loss:  1.7131   0.4722
progress (triple):  52000 / 215840  |time:  433.575 s |loss:  1.7108   0.4704
progress (triple):  52000 / 215840  |time:  433.5887 s |loss:  1.7038   0.475
progress (triple):  52000 / 215840  |time:  433.5539 s |loss:  1.7019   0.47
progress (triple):  53000 / 215840  |time:  435.2385 s |loss:  1.7023   0.469
progress (triple):  53000 / 215840  |time:  435.2552 s |loss:  1.7207   0.4719
progress (triple):  53000 / 215840  |time:  435.2656 s |loss:  1.7082   0.4751
progress (triple):  53000 / 215840  |time:  435.271 s |loss:  1.7006   0.4668
progress (triple):  53000 / 215840  |time:  435.2357 s |loss:  1.71   0.4675
progress (triple):  53000 / 215840  |time:  435.2732 s |loss:  1.7035   0.4655
progress (triple):  53000 / 215840  |time:  435.2524 s |loss:  1.7116   0.4709
progress (triple):  53000 / 215840  |time:  435.2906 s |loss:  1.7118   0.4709
progress (triple):  54000 / 215840  |time:  437.8592 s |loss:  1.7047   0.4664
progress (triple):  54000 / 215840  |time:  437.8558 s |loss:  1.7088   0.4716
progress (triple):  54000 / 215840  |time:  437.8755 s |loss:  1.7156   0.4719
progress (triple):  54000 / 215840  |time:  437.8693 s |loss:  1.7078   0.4631
progress (triple):  54000 / 215840  |time:  437.8549 s |loss:  1.7067   0.4696
progress (triple):  54000 / 215840  |time:  437.8662 s |loss:  1.7114   0.4661
progress (triple):  54000 / 215840  |time:  437.8767 s |loss:  1.7075   0.4687
progress (triple):  54000 / 215840  |time:  437.9181 s |loss:  1.7137   0.4662
progress (triple):  55000 / 215840  |time:  432.6292 s |loss:  1.7027   0.4728
progress (triple):  55000 / 215840  |time:  432.6237 s |loss:  1.6983   0.4662
progress (triple):  55000 / 215840  |time:  432.6532 s |loss:  1.7061   0.4651
progress (triple):  55000 / 215840  |time:  432.6387 s |loss:  1.6984   0.4595
progress (triple):  55000 / 215840  |time:  432.6537 s |loss:  1.716   0.463
progress (triple):  55000 / 215840  |time:  432.6165 s |loss:  1.7044   0.4639
progress (triple):  55000 / 215840  |time:  432.6203 s |loss:  1.7003   0.4632
progress (triple):  55000 / 215840  |time:  432.7008 s |loss:  1.6992   0.4619
progress (triple):  56000 / 215840  |time:  435.6673 s |loss:  1.6984   0.4627
progress (triple):  56000 / 215840  |time:  435.6789 s |loss:  1.7014   0.4623
progress (triple):  56000 / 215840  |time:  435.6441 s |loss:  1.6954   0.4595
progress (triple):  56000 / 215840  |time:  435.6221 s |loss:  1.6988   0.4639
progress (triple):  56000 / 215840  |time:  435.6611 s |loss:  1.703   0.4586
progress (triple):  56000 / 215840  |time:  435.6707 s |loss:  1.7048   0.4661
progress (triple):  56000 / 215840  |time:  435.6976 s |loss:  1.6956   0.4636
progress (triple):  56000 / 215840  |time:  435.7244 s |loss:  1.7068   0.4564
progress (triple):  57000 / 215840  |time:  434.3285 s |loss:  1.6953   0.4614
progress (triple):  57000 / 215840  |time:  434.3465 s |loss:  1.6972   0.4673
progress (triple):  57000 / 215840  |time:  434.3013 s |loss:  1.6941   0.4592
progress (triple):  57000 / 215840  |time:  434.3703 s |loss:  1.7026   0.4592
progress (triple):  57000 / 215840  |time:  434.3628 s |loss:  1.7043   0.4625
progress (triple):  57000 / 215840  |time:  434.344 s |loss:  1.7005   0.4576
progress (triple):  57000 / 215840  |time:  434.3715 s |loss:  1.6978   0.4598
progress (triple):  57000 / 215840  |time:  434.3972 s |loss:  1.7056   0.4623
progress (triple):  58000 / 215840  |time:  433.317 s |loss:  1.6961   0.4631
progress (triple):  58000 / 215840  |time:  433.3238 s |loss:  1.6921   0.4624
progress (triple):  58000 / 215840  |time:  433.292 s |loss:  1.7014   0.4654
progress (triple):  58000 / 215840  |time:  433.3555 s |loss:  1.6989   0.4577
progress (triple):  58000 / 215840  |time:  433.3194 s |loss:  1.7009   0.4653
progress (triple):  58000 / 215840  |time:  433.3594 s |loss:  1.6986   0.4598
progress (triple):  58000 / 215840  |time:  433.3331 s |loss:  1.6904   0.4563
progress (triple):  58000 / 215840  |time:  433.3817 s |loss:  1.7004   0.4647
progress (triple):  59000 / 215840  |time:  432.0536 s |loss:  1.6979   0.4601
progress (triple):  59000 / 215840  |time:  432.0381 s |loss:  1.7046   0.4676
progress (triple):  59000 / 215840  |time:  432.0683 s |loss:  1.7168   0.4574
progress (triple):  59000 / 215840  |time:  432.0832 s |loss:  1.7041   0.4565
progress (triple):  59000 / 215840  |time:  432.0869 s |loss:  1.7057   0.4544
progress (triple):  59000 / 215840  |time:  432.077 s |loss:  1.6987   0.4535
progress (triple):  59000 / 215840  |time:  432.0983 s |loss:  1.6961   0.4625
progress (triple):  59000 / 215840  |time:  432.107 s |loss:  1.7088   0.462
progress (triple):  60000 / 215840  |time:  435.2168 s |loss:  1.6972   0.4507
progress (triple):  60000 / 215840  |time:  435.2037 s |loss:  1.6961   0.4513
progress (triple):  60000 / 215840  |time:  435.2135 s |loss:  1.7023   0.4521
progress (triple):  60000 / 215840  |time:  435.2335 s |loss:  1.6985   0.4505
progress (triple):  60000 / 215840  |time:  435.2043 s |loss:  1.7005   0.4559
progress (triple):  60000 / 215840  |time:  435.227 s |loss:  1.6941   0.4502
progress (triple):  60000 / 215840  |time:  435.2671 s |loss:  1.6964   0.4516
progress (triple):  60000 / 215840  |time:  435.2957 s |loss:  1.7006   0.4539
progress (triple):  61000 / 215840  |time:  432.4279 s |loss:  1.6857   0.449
progress (triple):  61000 / 215840  |time:  432.4178 s |loss:  1.6962   0.4537
progress (triple):  61000 / 215840  |time:  432.3825 s |loss:  1.7031   0.4502
progress (triple):  61000 / 215840  |time:  432.4185 s |loss:  1.6909   0.4523
progress (triple):  61000 / 215840  |time:  432.4367 s |loss:  1.6976   0.4529
progress (triple):  61000 / 215840  |time:  432.4177 s |loss:  1.6904   0.4521
progress (triple):  61000 / 215840  |time:  432.4723 s |loss:  1.6979   0.4478
progress (triple):  61000 / 215840  |time:  432.521 s |loss:  1.7002   0.4501
progress (triple):  62000 / 215840  |time:  435.7533 s |loss:  1.6941   0.4581
progress (triple):  62000 / 215840  |time:  435.7819 s |loss:  1.6837   0.4475
progress (triple):  62000 / 215840  |time:  435.7968 s |loss:  1.694   0.4548
progress (triple):  62000 / 215840  |time:  435.7784 s |loss:  1.6966   0.4562
progress (triple):  62000 / 215840  |time:  435.7689 s |loss:  1.7003   0.4544
progress (triple):  62000 / 215840  |time:  435.7807 s |loss:  1.6952   0.4513
progress (triple):  62000 / 215840  |time:  435.8308 s |loss:  1.6998   0.4535
progress (triple):  62000 / 215840  |time:  435.749 s |loss:  1.7   0.4513
progress (triple):  63000 / 215840  |time:  433.4437 s |loss:  1.701   0.4522
progress (triple):  63000 / 215840  |time:  433.4352 s |loss:  1.6865   0.453
progress (triple):  63000 / 215840  |time:  433.4453 s |loss:  1.6943   0.4582
progress (triple):  63000 / 215840  |time:  433.4329 s |loss:  1.6919   0.4584
progress (triple):  63000 / 215840  |time:  433.4763 s |loss:  1.7036   0.4514
progress (triple):  63000 / 215840  |time:  433.5033 s |loss:  1.6969   0.4542
progress (triple):  63000 / 215840  |time:  433.4853 s |loss:  1.6956   0.4513
progress (triple):  63000 / 215840  |time:  433.5227 s |loss:  1.6914   0.4567
progress (triple):  64000 / 215840  |time:  434.0761 s |loss:  1.6908   0.4578
progress (triple):  64000 / 215840  |time:  434.0981 s |loss:  1.6896   0.448
progress (triple):  64000 / 215840  |time:  434.0767 s |loss:  1.7016   0.4507
progress (triple):  64000 / 215840  |time:  434.0724 s |loss:  1.7046   0.4502
progress (triple):  64000 / 215840  |time:  434.0722 s |loss:  1.6977   0.4452
progress (triple):  64000 / 215840  |time:  434.1111 s |loss:  1.6928   0.4407
progress (triple):  64000 / 215840  |time:  434.0852 s |loss:  1.6913   0.4511
progress (triple):  64000 / 215840  |time:  434.1379 s |loss:  1.7017   0.4459
progress (triple):  65000 / 215840  |time:  435.9649 s |loss:  1.6957   0.4473
progress (triple):  65000 / 215840  |time:  435.9462 s |loss:  1.6953   0.4501
progress (triple):  65000 / 215840  |time:  435.9556 s |loss:  1.6951   0.4488
progress (triple):  65000 / 215840  |time:  435.9848 s |loss:  1.6999   0.4438
progress (triple):  65000 / 215840  |time:  435.971 s |loss:  1.7076   0.4424
progress (triple):  65000 / 215840  |time:  435.9651 s |loss:  1.6845   0.4417
progress (triple):  65000 / 215840  |time:  435.9855 s |loss:  1.7019   0.4414
progress (triple):  65000 / 215840  |time:  436.0088 s |loss:  1.6852   0.442
progress (triple):  66000 / 215840  |time:  433.4205 s |loss:  1.6854   0.439
progress (triple):  66000 / 215840  |time:  433.4189 s |loss:  1.6924   0.4462
progress (triple):  66000 / 215840  |time:  433.4601 s |loss:  1.6899   0.4459
progress (triple):  66000 / 215840  |time:  433.4619 s |loss:  1.6967   0.4383
progress (triple):  66000 / 215840  |time:  433.4511 s |loss:  1.686   0.4455
progress (triple):  66000 / 215840  |time:  433.412 s |loss:  1.6981   0.4394
progress (triple):  66000 / 215840  |time:  433.4402 s |loss:  1.6898   0.44
progress (triple):  66000 / 215840  |time:  433.4781 s |loss:  1.6942   0.4477
progress (triple):  67000 / 215840  |time:  434.0345 s |loss:  1.6907   0.4401
progress (triple):  67000 / 215840  |time:  434.0419 s |loss:  1.6995   0.4393
progress (triple):  67000 / 215840  |time:  434.0474 s |loss:  1.6869   0.4406
progress (triple):  67000 / 215840  |time:  434.068 s |loss:  1.6907   0.4386
progress (triple):  67000 / 215840  |time:  434.094 s |loss:  1.6973   0.4403
progress (triple):  67000 / 215840  |time:  434.0909 s |loss:  1.7022   0.4426
progress (triple):  67000 / 215840  |time:  434.0755 s |loss:  1.6854   0.44
progress (triple):  67000 / 215840  |time:  434.0932 s |loss:  1.6883   0.4407
progress (triple):  68000 / 215840  |time:  432.9773 s |loss:  1.6966   0.4443
progress (triple):  68000 / 215840  |time:  432.9857 s |loss:  1.6984   0.4438
progress (triple):  68000 / 215840  |time:  432.9913 s |loss:  1.6932   0.4414
progress (triple):  68000 / 215840  |time:  433.0013 s |loss:  1.6811   0.4445
progress (triple):  68000 / 215840  |time:  433.0448 s |loss:  1.6897   0.4491
progress (triple):  68000 / 215840  |time:  432.9922 s |loss:  1.6969   0.4458
progress (triple):  68000 / 215840  |time:  433.0255 s |loss:  1.6908   0.45
progress (triple):  68000 / 215840  |time:  433.0455 s |loss:  1.6901   0.4456
progress (triple):  69000 / 215840  |time:  436.1987 s |loss:  1.6839   0.4462
progress (triple):  69000 / 215840  |time:  436.2082 s |loss:  1.6958   0.4467
progress (triple):  69000 / 215840  |time:  436.2124 s |loss:  1.6913   0.4389
progress (triple):  69000 / 215840  |time:  436.2516 s |loss:  1.6864   0.4436
progress (triple):  69000 / 215840  |time:  436.1783 s |loss:  1.6825   0.4436
progress (triple):  69000 / 215840  |time:  436.2641 s |loss:  1.6892   0.4424
progress (triple):  69000 / 215840  |time:  436.2564 s |loss:  1.6923   0.4377
progress (triple):  69000 / 215840  |time:  436.2776 s |loss:  1.6936   0.4467
progress (triple):  70000 / 215840  |time:  437.076 s |loss:  1.6883   0.4405
progress (triple):  70000 / 215840  |time:  437.0679 s |loss:  1.6984   0.435
progress (triple):  70000 / 215840  |time:  437.0691 s |loss:  1.692   0.4408
progress (triple):  70000 / 215840  |time:  437.0865 s |loss:  1.6912   0.4442
progress (triple):  70000 / 215840  |time:  437.1209 s |loss:  1.6856   0.4414
progress (triple):  70000 / 215840  |time:  437.0566 s |loss:  1.6841   0.4452
progress (triple):  70000 / 215840  |time:  437.1085 s |loss:  1.69   0.4401
progress (triple):  70000 / 215840  |time:  437.1294 s |loss:  1.6924   0.4437
